<?xml version="1.0" encoding="UTF-8" ?>
<testsuite errors="0" failures="0" hostname="localhost" name="ejercicio5.IteratorTest" skipped="0" tests="3" time="0.289" timestamp="2016-11-18T10:37:20">
  <properties>
[...]
</properties>
  <testcase classname="ejercicio5.IteratorTest" name="testExcepnext" time="0.031" />
  <testcase classname="ejercicio5.IteratorTest" name="testExcepprev" time="0.009" />
  <testcase classname="ejercicio5.IteratorTest" name="testIterator" time="0.0" />
  <system-out><![CDATA[]]></system-out>
  <system-err><![CDATA[]]></system-err>
</testsuite>
